<?xml version="1.0" encoding="UTF-8"?>
<testsuite xmlns:xsi="http://www.w3.org/2001/XMLSchema-instance" xsi:noNamespaceSchemaLocation="https://maven.apache.org/surefire/maven-surefire-plugin/xsd/surefire-test-report.xsd" name="com.thinkenterprise.test.GraphQLRouteMutationTest" time="18.976" tests="3" errors="0" skipped="0" failures="0">
  <properties>
    <property name="sun.desktop" value="windows"/>
    <property name="awt.toolkit" value="sun.awt.windows.WToolkit"/>
    <property name="java.specification.version" value="12"/>
    <property name="sun.cpu.isalist" value="amd64"/>
    <property name="sun.jnu.encoding" value="Cp1252"/>
    <property name="java.class.path" value="C:\environment\source\check\spring-boot-graphql-meetup\target\test-classes;C:\environment\source\check\spring-boot-graphql-meetup\target\classes;C:\Users\schaefem\.m2\repository\org\springframework\boot\spring-boot-devtools\2.1.1.RELEASE\spring-boot-devtools-2.1.1.RELEASE.jar;C:\Users\schaefem\.m2\repository\org\springframework\boot\spring-boot\2.1.1.RELEASE\spring-boot-2.1.1.RELEASE.jar;C:\Users\schaefem\.m2\repository\org\springframework\boot\spring-boot-autoconfigure\2.1.1.RELEASE\spring-boot-autoconfigure-2.1.1.RELEASE.jar;C:\Users\schaefem\.m2\repository\org\springframework\boot\spring-boot-starter-web\2.1.1.RELEASE\spring-boot-starter-web-2.1.1.RELEASE.jar;C:\Users\schaefem\.m2\repository\org\springframework\boot\spring-boot-starter\2.1.1.RELEASE\spring-boot-starter-2.1.1.RELEASE.jar;C:\Users\schaefem\.m2\repository\org\springframework\boot\spring-boot-starter-logging\2.1.1.RELEASE\spring-boot-starter-logging-2.1.1.RELEASE.jar;C:\Users\schaefem\.m2\repository\ch\qos\logback\logback-classic\1.2.3\logback-classic-1.2.3.jar;C:\Users\schaefem\.m2\repository\ch\qos\logback\logback-core\1.2.3\logback-core-1.2.3.jar;C:\Users\schaefem\.m2\repository\org\apache\logging\log4j\log4j-to-slf4j\2.11.1\log4j-to-slf4j-2.11.1.jar;C:\Users\schaefem\.m2\repository\org\apache\logging\log4j\log4j-api\2.11.1\log4j-api-2.11.1.jar;C:\Users\schaefem\.m2\repository\org\slf4j\jul-to-slf4j\1.7.25\jul-to-slf4j-1.7.25.jar;C:\Users\schaefem\.m2\repository\javax\annotation\javax.annotation-api\1.3.2\javax.annotation-api-1.3.2.jar;C:\Users\schaefem\.m2\repository\org\yaml\snakeyaml\1.23\snakeyaml-1.23.jar;C:\Users\schaefem\.m2\repository\org\springframework\boot\spring-boot-starter-json\2.1.1.RELEASE\spring-boot-starter-json-2.1.1.RELEASE.jar;C:\Users\schaefem\.m2\repository\com\fasterxml\jackson\datatype\jackson-datatype-jsr310\2.9.7\jackson-datatype-jsr310-2.9.7.jar;C:\Users\schaefem\.m2\repository\com\fasterxml\jackson\module\jackson-module-parameter-names\2.9.7\jackson-module-parameter-names-2.9.7.jar;C:\Users\schaefem\.m2\repository\org\springframework\boot\spring-boot-starter-tomcat\2.1.1.RELEASE\spring-boot-starter-tomcat-2.1.1.RELEASE.jar;C:\Users\schaefem\.m2\repository\org\apache\tomcat\embed\tomcat-embed-core\9.0.13\tomcat-embed-core-9.0.13.jar;C:\Users\schaefem\.m2\repository\org\apache\tomcat\embed\tomcat-embed-el\9.0.13\tomcat-embed-el-9.0.13.jar;C:\Users\schaefem\.m2\repository\org\apache\tomcat\embed\tomcat-embed-websocket\9.0.13\tomcat-embed-websocket-9.0.13.jar;C:\Users\schaefem\.m2\repository\org\hibernate\validator\hibernate-validator\6.0.13.Final\hibernate-validator-6.0.13.Final.jar;C:\Users\schaefem\.m2\repository\javax\validation\validation-api\2.0.1.Final\validation-api-2.0.1.Final.jar;C:\Users\schaefem\.m2\repository\org\jboss\logging\jboss-logging\3.3.2.Final\jboss-logging-3.3.2.Final.jar;C:\Users\schaefem\.m2\repository\com\fasterxml\classmate\1.4.0\classmate-1.4.0.jar;C:\Users\schaefem\.m2\repository\org\springframework\spring-web\5.1.3.RELEASE\spring-web-5.1.3.RELEASE.jar;C:\Users\schaefem\.m2\repository\org\springframework\spring-webmvc\5.1.3.RELEASE\spring-webmvc-5.1.3.RELEASE.jar;C:\Users\schaefem\.m2\repository\org\springframework\spring-expression\5.1.3.RELEASE\spring-expression-5.1.3.RELEASE.jar;C:\Users\schaefem\.m2\repository\org\springframework\boot\spring-boot-starter-test\2.1.1.RELEASE\spring-boot-starter-test-2.1.1.RELEASE.jar;C:\Users\schaefem\.m2\repository\org\springframework\boot\spring-boot-test\2.1.1.RELEASE\spring-boot-test-2.1.1.RELEASE.jar;C:\Users\schaefem\.m2\repository\org\springframework\boot\spring-boot-test-autoconfigure\2.1.1.RELEASE\spring-boot-test-autoconfigure-2.1.1.RELEASE.jar;C:\Users\schaefem\.m2\repository\com\jayway\jsonpath\json-path\2.4.0\json-path-2.4.0.jar;C:\Users\schaefem\.m2\repository\net\minidev\json-smart\2.3\json-smart-2.3.jar;C:\Users\schaefem\.m2\repository\net\minidev\accessors-smart\1.2\accessors-smart-1.2.jar;C:\Users\schaefem\.m2\repository\org\ow2\asm\asm\5.0.4\asm-5.0.4.jar;C:\Users\schaefem\.m2\repository\junit\junit\4.12\junit-4.12.jar;C:\Users\schaefem\.m2\repository\org\assertj\assertj-core\3.11.1\assertj-core-3.11.1.jar;C:\Users\schaefem\.m2\repository\org\mockito\mockito-core\2.23.4\mockito-core-2.23.4.jar;C:\Users\schaefem\.m2\repository\net\bytebuddy\byte-buddy\1.9.5\byte-buddy-1.9.5.jar;C:\Users\schaefem\.m2\repository\net\bytebuddy\byte-buddy-agent\1.9.5\byte-buddy-agent-1.9.5.jar;C:\Users\schaefem\.m2\repository\org\objenesis\objenesis\2.6\objenesis-2.6.jar;C:\Users\schaefem\.m2\repository\org\hamcrest\hamcrest-core\1.3\hamcrest-core-1.3.jar;C:\Users\schaefem\.m2\repository\org\hamcrest\hamcrest-library\1.3\hamcrest-library-1.3.jar;C:\Users\schaefem\.m2\repository\org\skyscreamer\jsonassert\1.5.0\jsonassert-1.5.0.jar;C:\Users\schaefem\.m2\repository\com\vaadin\external\google\android-json\0.0.20131108.vaadin1\android-json-0.0.20131108.vaadin1.jar;C:\Users\schaefem\.m2\repository\org\springframework\spring-core\5.1.3.RELEASE\spring-core-5.1.3.RELEASE.jar;C:\Users\schaefem\.m2\repository\org\springframework\spring-jcl\5.1.3.RELEASE\spring-jcl-5.1.3.RELEASE.jar;C:\Users\schaefem\.m2\repository\org\springframework\spring-test\5.1.3.RELEASE\spring-test-5.1.3.RELEASE.jar;C:\Users\schaefem\.m2\repository\org\xmlunit\xmlunit-core\2.6.2\xmlunit-core-2.6.2.jar;C:\Users\schaefem\.m2\repository\com\h2database\h2\1.4.197\h2-1.4.197.jar;C:\Users\schaefem\.m2\repository\org\springframework\boot\spring-boot-starter-data-jpa\2.1.1.RELEASE\spring-boot-starter-data-jpa-2.1.1.RELEASE.jar;C:\Users\schaefem\.m2\repository\org\springframework\boot\spring-boot-starter-aop\2.1.1.RELEASE\spring-boot-starter-aop-2.1.1.RELEASE.jar;C:\Users\schaefem\.m2\repository\org\aspectj\aspectjweaver\1.9.2\aspectjweaver-1.9.2.jar;C:\Users\schaefem\.m2\repository\org\springframework\boot\spring-boot-starter-jdbc\2.1.1.RELEASE\spring-boot-starter-jdbc-2.1.1.RELEASE.jar;C:\Users\schaefem\.m2\repository\com\zaxxer\HikariCP\3.2.0\HikariCP-3.2.0.jar;C:\Users\schaefem\.m2\repository\org\springframework\spring-jdbc\5.1.3.RELEASE\spring-jdbc-5.1.3.RELEASE.jar;C:\Users\schaefem\.m2\repository\javax\transaction\javax.transaction-api\1.3\javax.transaction-api-1.3.jar;C:\Users\schaefem\.m2\repository\javax\xml\bind\jaxb-api\2.3.1\jaxb-api-2.3.1.jar;C:\Users\schaefem\.m2\repository\javax\activation\javax.activation-api\1.2.0\javax.activation-api-1.2.0.jar;C:\Users\schaefem\.m2\repository\org\hibernate\hibernate-core\5.3.7.Final\hibernate-core-5.3.7.Final.jar;C:\Users\schaefem\.m2\repository\javax\persistence\javax.persistence-api\2.2\javax.persistence-api-2.2.jar;C:\Users\schaefem\.m2\repository\org\javassist\javassist\3.23.1-GA\javassist-3.23.1-GA.jar;C:\Users\schaefem\.m2\repository\antlr\antlr\2.7.7\antlr-2.7.7.jar;C:\Users\schaefem\.m2\repository\org\jboss\jandex\2.0.5.Final\jandex-2.0.5.Final.jar;C:\Users\schaefem\.m2\repository\org\dom4j\dom4j\2.1.1\dom4j-2.1.1.jar;C:\Users\schaefem\.m2\repository\org\hibernate\common\hibernate-commons-annotations\5.0.4.Final\hibernate-commons-annotations-5.0.4.Final.jar;C:\Users\schaefem\.m2\repository\org\springframework\data\spring-data-jpa\2.1.3.RELEASE\spring-data-jpa-2.1.3.RELEASE.jar;C:\Users\schaefem\.m2\repository\org\springframework\data\spring-data-commons\2.1.3.RELEASE\spring-data-commons-2.1.3.RELEASE.jar;C:\Users\schaefem\.m2\repository\org\springframework\spring-orm\5.1.3.RELEASE\spring-orm-5.1.3.RELEASE.jar;C:\Users\schaefem\.m2\repository\org\springframework\spring-tx\5.1.3.RELEASE\spring-tx-5.1.3.RELEASE.jar;C:\Users\schaefem\.m2\repository\org\springframework\spring-aspects\5.1.3.RELEASE\spring-aspects-5.1.3.RELEASE.jar;C:\Users\schaefem\.m2\repository\org\springframework\boot\spring-boot-starter-security\2.1.1.RELEASE\spring-boot-starter-security-2.1.1.RELEASE.jar;C:\Users\schaefem\.m2\repository\org\springframework\spring-aop\5.1.3.RELEASE\spring-aop-5.1.3.RELEASE.jar;C:\Users\schaefem\.m2\repository\org\springframework\security\spring-security-config\5.1.2.RELEASE\spring-security-config-5.1.2.RELEASE.jar;C:\Users\schaefem\.m2\repository\org\springframework\security\spring-security-web\5.1.2.RELEASE\spring-security-web-5.1.2.RELEASE.jar;C:\Users\schaefem\.m2\repository\com\graphql-java-kickstart\graphql-spring-boot-starter\5.3.1\graphql-spring-boot-starter-5.3.1.jar;C:\Users\schaefem\.m2\repository\com\graphql-java-kickstart\graphql-spring-boot-autoconfigure\5.3.1\graphql-spring-boot-autoconfigure-5.3.1.jar;C:\Users\schaefem\.m2\repository\org\springframework\boot\spring-boot-starter-websocket\2.1.1.RELEASE\spring-boot-starter-websocket-2.1.1.RELEASE.jar;C:\Users\schaefem\.m2\repository\org\springframework\spring-messaging\5.1.3.RELEASE\spring-messaging-5.1.3.RELEASE.jar;C:\Users\schaefem\.m2\repository\org\springframework\spring-websocket\5.1.3.RELEASE\spring-websocket-5.1.3.RELEASE.jar;C:\Users\schaefem\.m2\repository\com\graphql-java-kickstart\graphql-java-servlet\7.1.1\graphql-java-servlet-7.1.1.jar;C:\Users\schaefem\.m2\repository\javax\servlet\javax.servlet-api\4.0.1\javax.servlet-api-4.0.1.jar;C:\Users\schaefem\.m2\repository\javax\websocket\javax.websocket-api\1.1\javax.websocket-api-1.1.jar;C:\Users\schaefem\.m2\repository\commons-io\commons-io\2.6\commons-io-2.6.jar;C:\Users\schaefem\.m2\repository\com\graphql-java-kickstart\graphiql-spring-boot-starter\5.3.1\graphiql-spring-boot-starter-5.3.1.jar;C:\Users\schaefem\.m2\repository\com\graphql-java-kickstart\graphiql-spring-boot-autoconfigure\5.3.1\graphiql-spring-boot-autoconfigure-5.3.1.jar;C:\Users\schaefem\.m2\repository\org\apache\commons\commons-text\1.1\commons-text-1.1.jar;C:\Users\schaefem\.m2\repository\com\graphql-java-kickstart\voyager-spring-boot-starter\5.3.1\voyager-spring-boot-starter-5.3.1.jar;C:\Users\schaefem\.m2\repository\com\graphql-java-kickstart\voyager-spring-boot-autoconfigure\5.3.1\voyager-spring-boot-autoconfigure-5.3.1.jar;C:\Users\schaefem\.m2\repository\com\graphql-java-kickstart\graphql-spring-boot-starter-test\5.3.1\graphql-spring-boot-starter-test-5.3.1.jar;C:\Users\schaefem\.m2\repository\com\graphql-java-kickstart\graphql-spring-boot-test-autoconfigure\5.3.1\graphql-spring-boot-test-autoconfigure-5.3.1.jar;C:\Users\schaefem\.m2\repository\com\graphql-java-kickstart\graphql-spring-boot-test\5.3.1\graphql-spring-boot-test-5.3.1.jar;C:\Users\schaefem\.m2\repository\com\graphql-java-kickstart\graphql-java-tools\5.4.1\graphql-java-tools-5.4.1.jar;C:\Users\schaefem\.m2\repository\org\jetbrains\kotlin\kotlin-stdlib\1.3.10\kotlin-stdlib-1.3.10.jar;C:\Users\schaefem\.m2\repository\org\jetbrains\kotlin\kotlin-stdlib-common\1.3.10\kotlin-stdlib-common-1.3.10.jar;C:\Users\schaefem\.m2\repository\org\jetbrains\annotations\13.0\annotations-13.0.jar;C:\Users\schaefem\.m2\repository\org\jetbrains\kotlin\kotlin-reflect\1.3.10\kotlin-reflect-1.3.10.jar;C:\Users\schaefem\.m2\repository\org\jetbrains\kotlinx\kotlinx-coroutines-jdk8\1.0.1\kotlinx-coroutines-jdk8-1.0.1.jar;C:\Users\schaefem\.m2\repository\org\jetbrains\kotlinx\kotlinx-coroutines-core\1.0.1\kotlinx-coroutines-core-1.0.1.jar;C:\Users\schaefem\.m2\repository\org\jetbrains\kotlinx\kotlinx-coroutines-core-common\1.0.1\kotlinx-coroutines-core-common-1.0.1.jar;C:\Users\schaefem\.m2\repository\org\jetbrains\kotlinx\kotlinx-coroutines-reactive\1.0.1\kotlinx-coroutines-reactive-1.0.1.jar;C:\Users\schaefem\.m2\repository\com\graphql-java\graphql-java\11.0\graphql-java-11.0.jar;C:\Users\schaefem\.m2\repository\org\antlr\antlr4-runtime\4.7.1\antlr4-runtime-4.7.1.jar;C:\Users\schaefem\.m2\repository\com\graphql-java\java-dataloader\2.1.1\java-dataloader-2.1.1.jar;C:\Users\schaefem\.m2\repository\com\fasterxml\jackson\core\jackson-core\2.9.7\jackson-core-2.9.7.jar;C:\Users\schaefem\.m2\repository\com\fasterxml\jackson\module\jackson-module-kotlin\2.9.7\jackson-module-kotlin-2.9.7.jar;C:\Users\schaefem\.m2\repository\com\fasterxml\jackson\datatype\jackson-datatype-jdk8\2.9.7\jackson-datatype-jdk8-2.9.7.jar;C:\Users\schaefem\.m2\repository\com\esotericsoftware\reflectasm\1.11.7\reflectasm-1.11.7.jar;C:\Users\schaefem\.m2\repository\org\apache\commons\commons-lang3\3.8.1\commons-lang3-3.8.1.jar;C:\Users\schaefem\.m2\repository\com\google\guava\guava\26.0-jre\guava-26.0-jre.jar;C:\Users\schaefem\.m2\repository\com\google\code\findbugs\jsr305\3.0.2\jsr305-3.0.2.jar;C:\Users\schaefem\.m2\repository\org\checkerframework\checker-qual\2.5.2\checker-qual-2.5.2.jar;C:\Users\schaefem\.m2\repository\com\google\errorprone\error_prone_annotations\2.1.3\error_prone_annotations-2.1.3.jar;C:\Users\schaefem\.m2\repository\com\google\j2objc\j2objc-annotations\1.1\j2objc-annotations-1.1.jar;C:\Users\schaefem\.m2\repository\org\codehaus\mojo\animal-sniffer-annotations\1.14\animal-sniffer-annotations-1.14.jar;C:\Users\schaefem\.m2\repository\org\slf4j\slf4j-api\1.7.25\slf4j-api-1.7.25.jar;C:\Users\schaefem\.m2\repository\com\zhokhov\graphql\graphql-datetime-spring-boot-starter\1.2.0\graphql-datetime-spring-boot-starter-1.2.0.jar;C:\Users\schaefem\.m2\repository\com\zhokhov\graphql\graphql-datetime-autoconfigure\1.2.0\graphql-datetime-autoconfigure-1.2.0.jar;C:\Users\schaefem\.m2\repository\com\graphql-java\graphql-spring-boot-autoconfigure\5.0.1\graphql-spring-boot-autoconfigure-5.0.1.jar;C:\Users\schaefem\.m2\repository\org\springframework\boot\spring-boot-configuration-processor\2.1.1.RELEASE\spring-boot-configuration-processor-2.1.1.RELEASE.jar;C:\Users\schaefem\.m2\repository\com\graphql-java\graphql-spring-boot-starter\5.0.1\graphql-spring-boot-starter-5.0.1.jar;C:\Users\schaefem\.m2\repository\com\graphql-java\graphql-java-servlet\6.1.2\graphql-java-servlet-6.1.2.jar;C:\Users\schaefem\.m2\repository\com\graphql-java\graphql-java-tools\5.0.0\graphql-java-tools-5.0.0.jar;C:\Users\schaefem\.m2\repository\com\zhokhov\graphql\graphql-java-datetime\1.2.0\graphql-java-datetime-1.2.0.jar;C:\Users\schaefem\.m2\repository\io\reactivex\rxjava2\rxjava\2.2.4\rxjava-2.2.4.jar;C:\Users\schaefem\.m2\repository\org\reactivestreams\reactive-streams\1.0.2\reactive-streams-1.0.2.jar;C:\Users\schaefem\.m2\repository\org\springframework\security\oauth\spring-security-oauth2\2.2.4.RELEASE\spring-security-oauth2-2.2.4.RELEASE.jar;C:\Users\schaefem\.m2\repository\org\springframework\spring-beans\5.1.3.RELEASE\spring-beans-5.1.3.RELEASE.jar;C:\Users\schaefem\.m2\repository\org\springframework\spring-context\5.1.3.RELEASE\spring-context-5.1.3.RELEASE.jar;C:\Users\schaefem\.m2\repository\org\springframework\security\spring-security-core\5.1.2.RELEASE\spring-security-core-5.1.2.RELEASE.jar;C:\Users\schaefem\.m2\repository\commons-codec\commons-codec\1.11\commons-codec-1.11.jar;C:\Users\schaefem\.m2\repository\org\codehaus\jackson\jackson-mapper-asl\1.9.13\jackson-mapper-asl-1.9.13.jar;C:\Users\schaefem\.m2\repository\org\codehaus\jackson\jackson-core-asl\1.9.13\jackson-core-asl-1.9.13.jar;C:\Users\schaefem\.m2\repository\org\springframework\security\oauth\boot\spring-security-oauth2-autoconfigure\2.1.3.RELEASE\spring-security-oauth2-autoconfigure-2.1.3.RELEASE.jar;C:\Users\schaefem\.m2\repository\com\fasterxml\jackson\core\jackson-annotations\2.9.0\jackson-annotations-2.9.0.jar;C:\Users\schaefem\.m2\repository\com\fasterxml\jackson\core\jackson-databind\2.9.7\jackson-databind-2.9.7.jar;C:\Users\schaefem\.m2\repository\com\sun\xml\bind\jaxb-core\2.3.0.1\jaxb-core-2.3.0.1.jar;C:\Users\schaefem\.m2\repository\com\sun\xml\bind\jaxb-impl\2.3.0.1\jaxb-impl-2.3.0.1.jar;C:\Users\schaefem\.m2\repository\org\springframework\security\spring-security-jwt\1.0.10.RELEASE\spring-security-jwt-1.0.10.RELEASE.jar;C:\Users\schaefem\.m2\repository\org\bouncycastle\bcpkix-jdk15on\1.60\bcpkix-jdk15on-1.60.jar;C:\Users\schaefem\.m2\repository\org\bouncycastle\bcprov-jdk15on\1.60\bcprov-jdk15on-1.60.jar;"/>
    <property name="java.vm.vendor" value="Oracle Corporation"/>
    <property name="sun.arch.data.model" value="64"/>
    <property name="user.variant" value=""/>
    <property name="java.vendor.url" value="https://java.oracle.com/"/>
    <property name="user.timezone" value="Europe/Berlin"/>
    <property name="os.name" value="Windows 10"/>
    <property name="java.vm.specification.version" value="12"/>
    <property name="sun.java.launcher" value="SUN_STANDARD"/>
    <property name="user.country" value="DE"/>
    <property name="sun.boot.library.path" value="C:\Program Files\OpenJDK\jdk-12\bin"/>
    <property name="sun.java.command" value="C:\Users\schaefem\AppData\Local\Temp\surefire7744517556040822806\surefirebooter17916284666164741867.jar C:\Users\schaefem\AppData\Local\Temp\surefire7744517556040822806 2019-09-27T10-23-31_139-jvmRun1 surefire16447563251507092596tmp surefire_05652248237618013593tmp"/>
    <property name="jdk.debug" value="release"/>
    <property name="surefire.test.class.path" value="C:\environment\source\check\spring-boot-graphql-meetup\target\test-classes;C:\environment\source\check\spring-boot-graphql-meetup\target\classes;C:\Users\schaefem\.m2\repository\org\springframework\boot\spring-boot-devtools\2.1.1.RELEASE\spring-boot-devtools-2.1.1.RELEASE.jar;C:\Users\schaefem\.m2\repository\org\springframework\boot\spring-boot\2.1.1.RELEASE\spring-boot-2.1.1.RELEASE.jar;C:\Users\schaefem\.m2\repository\org\springframework\boot\spring-boot-autoconfigure\2.1.1.RELEASE\spring-boot-autoconfigure-2.1.1.RELEASE.jar;C:\Users\schaefem\.m2\repository\org\springframework\boot\spring-boot-starter-web\2.1.1.RELEASE\spring-boot-starter-web-2.1.1.RELEASE.jar;C:\Users\schaefem\.m2\repository\org\springframework\boot\spring-boot-starter\2.1.1.RELEASE\spring-boot-starter-2.1.1.RELEASE.jar;C:\Users\schaefem\.m2\repository\org\springframework\boot\spring-boot-starter-logging\2.1.1.RELEASE\spring-boot-starter-logging-2.1.1.RELEASE.jar;C:\Users\schaefem\.m2\repository\ch\qos\logback\logback-classic\1.2.3\logback-classic-1.2.3.jar;C:\Users\schaefem\.m2\repository\ch\qos\logback\logback-core\1.2.3\logback-core-1.2.3.jar;C:\Users\schaefem\.m2\repository\org\apache\logging\log4j\log4j-to-slf4j\2.11.1\log4j-to-slf4j-2.11.1.jar;C:\Users\schaefem\.m2\repository\org\apache\logging\log4j\log4j-api\2.11.1\log4j-api-2.11.1.jar;C:\Users\schaefem\.m2\repository\org\slf4j\jul-to-slf4j\1.7.25\jul-to-slf4j-1.7.25.jar;C:\Users\schaefem\.m2\repository\javax\annotation\javax.annotation-api\1.3.2\javax.annotation-api-1.3.2.jar;C:\Users\schaefem\.m2\repository\org\yaml\snakeyaml\1.23\snakeyaml-1.23.jar;C:\Users\schaefem\.m2\repository\org\springframework\boot\spring-boot-starter-json\2.1.1.RELEASE\spring-boot-starter-json-2.1.1.RELEASE.jar;C:\Users\schaefem\.m2\repository\com\fasterxml\jackson\datatype\jackson-datatype-jsr310\2.9.7\jackson-datatype-jsr310-2.9.7.jar;C:\Users\schaefem\.m2\repository\com\fasterxml\jackson\module\jackson-module-parameter-names\2.9.7\jackson-module-parameter-names-2.9.7.jar;C:\Users\schaefem\.m2\repository\org\springframework\boot\spring-boot-starter-tomcat\2.1.1.RELEASE\spring-boot-starter-tomcat-2.1.1.RELEASE.jar;C:\Users\schaefem\.m2\repository\org\apache\tomcat\embed\tomcat-embed-core\9.0.13\tomcat-embed-core-9.0.13.jar;C:\Users\schaefem\.m2\repository\org\apache\tomcat\embed\tomcat-embed-el\9.0.13\tomcat-embed-el-9.0.13.jar;C:\Users\schaefem\.m2\repository\org\apache\tomcat\embed\tomcat-embed-websocket\9.0.13\tomcat-embed-websocket-9.0.13.jar;C:\Users\schaefem\.m2\repository\org\hibernate\validator\hibernate-validator\6.0.13.Final\hibernate-validator-6.0.13.Final.jar;C:\Users\schaefem\.m2\repository\javax\validation\validation-api\2.0.1.Final\validation-api-2.0.1.Final.jar;C:\Users\schaefem\.m2\repository\org\jboss\logging\jboss-logging\3.3.2.Final\jboss-logging-3.3.2.Final.jar;C:\Users\schaefem\.m2\repository\com\fasterxml\classmate\1.4.0\classmate-1.4.0.jar;C:\Users\schaefem\.m2\repository\org\springframework\spring-web\5.1.3.RELEASE\spring-web-5.1.3.RELEASE.jar;C:\Users\schaefem\.m2\repository\org\springframework\spring-webmvc\5.1.3.RELEASE\spring-webmvc-5.1.3.RELEASE.jar;C:\Users\schaefem\.m2\repository\org\springframework\spring-expression\5.1.3.RELEASE\spring-expression-5.1.3.RELEASE.jar;C:\Users\schaefem\.m2\repository\org\springframework\boot\spring-boot-starter-test\2.1.1.RELEASE\spring-boot-starter-test-2.1.1.RELEASE.jar;C:\Users\schaefem\.m2\repository\org\springframework\boot\spring-boot-test\2.1.1.RELEASE\spring-boot-test-2.1.1.RELEASE.jar;C:\Users\schaefem\.m2\repository\org\springframework\boot\spring-boot-test-autoconfigure\2.1.1.RELEASE\spring-boot-test-autoconfigure-2.1.1.RELEASE.jar;C:\Users\schaefem\.m2\repository\com\jayway\jsonpath\json-path\2.4.0\json-path-2.4.0.jar;C:\Users\schaefem\.m2\repository\net\minidev\json-smart\2.3\json-smart-2.3.jar;C:\Users\schaefem\.m2\repository\net\minidev\accessors-smart\1.2\accessors-smart-1.2.jar;C:\Users\schaefem\.m2\repository\org\ow2\asm\asm\5.0.4\asm-5.0.4.jar;C:\Users\schaefem\.m2\repository\junit\junit\4.12\junit-4.12.jar;C:\Users\schaefem\.m2\repository\org\assertj\assertj-core\3.11.1\assertj-core-3.11.1.jar;C:\Users\schaefem\.m2\repository\org\mockito\mockito-core\2.23.4\mockito-core-2.23.4.jar;C:\Users\schaefem\.m2\repository\net\bytebuddy\byte-buddy\1.9.5\byte-buddy-1.9.5.jar;C:\Users\schaefem\.m2\repository\net\bytebuddy\byte-buddy-agent\1.9.5\byte-buddy-agent-1.9.5.jar;C:\Users\schaefem\.m2\repository\org\objenesis\objenesis\2.6\objenesis-2.6.jar;C:\Users\schaefem\.m2\repository\org\hamcrest\hamcrest-core\1.3\hamcrest-core-1.3.jar;C:\Users\schaefem\.m2\repository\org\hamcrest\hamcrest-library\1.3\hamcrest-library-1.3.jar;C:\Users\schaefem\.m2\repository\org\skyscreamer\jsonassert\1.5.0\jsonassert-1.5.0.jar;C:\Users\schaefem\.m2\repository\com\vaadin\external\google\android-json\0.0.20131108.vaadin1\android-json-0.0.20131108.vaadin1.jar;C:\Users\schaefem\.m2\repository\org\springframework\spring-core\5.1.3.RELEASE\spring-core-5.1.3.RELEASE.jar;C:\Users\schaefem\.m2\repository\org\springframework\spring-jcl\5.1.3.RELEASE\spring-jcl-5.1.3.RELEASE.jar;C:\Users\schaefem\.m2\repository\org\springframework\spring-test\5.1.3.RELEASE\spring-test-5.1.3.RELEASE.jar;C:\Users\schaefem\.m2\repository\org\xmlunit\xmlunit-core\2.6.2\xmlunit-core-2.6.2.jar;C:\Users\schaefem\.m2\repository\com\h2database\h2\1.4.197\h2-1.4.197.jar;C:\Users\schaefem\.m2\repository\org\springframework\boot\spring-boot-starter-data-jpa\2.1.1.RELEASE\spring-boot-starter-data-jpa-2.1.1.RELEASE.jar;C:\Users\schaefem\.m2\repository\org\springframework\boot\spring-boot-starter-aop\2.1.1.RELEASE\spring-boot-starter-aop-2.1.1.RELEASE.jar;C:\Users\schaefem\.m2\repository\org\aspectj\aspectjweaver\1.9.2\aspectjweaver-1.9.2.jar;C:\Users\schaefem\.m2\repository\org\springframework\boot\spring-boot-starter-jdbc\2.1.1.RELEASE\spring-boot-starter-jdbc-2.1.1.RELEASE.jar;C:\Users\schaefem\.m2\repository\com\zaxxer\HikariCP\3.2.0\HikariCP-3.2.0.jar;C:\Users\schaefem\.m2\repository\org\springframework\spring-jdbc\5.1.3.RELEASE\spring-jdbc-5.1.3.RELEASE.jar;C:\Users\schaefem\.m2\repository\javax\transaction\javax.transaction-api\1.3\javax.transaction-api-1.3.jar;C:\Users\schaefem\.m2\repository\javax\xml\bind\jaxb-api\2.3.1\jaxb-api-2.3.1.jar;C:\Users\schaefem\.m2\repository\javax\activation\javax.activation-api\1.2.0\javax.activation-api-1.2.0.jar;C:\Users\schaefem\.m2\repository\org\hibernate\hibernate-core\5.3.7.Final\hibernate-core-5.3.7.Final.jar;C:\Users\schaefem\.m2\repository\javax\persistence\javax.persistence-api\2.2\javax.persistence-api-2.2.jar;C:\Users\schaefem\.m2\repository\org\javassist\javassist\3.23.1-GA\javassist-3.23.1-GA.jar;C:\Users\schaefem\.m2\repository\antlr\antlr\2.7.7\antlr-2.7.7.jar;C:\Users\schaefem\.m2\repository\org\jboss\jandex\2.0.5.Final\jandex-2.0.5.Final.jar;C:\Users\schaefem\.m2\repository\org\dom4j\dom4j\2.1.1\dom4j-2.1.1.jar;C:\Users\schaefem\.m2\repository\org\hibernate\common\hibernate-commons-annotations\5.0.4.Final\hibernate-commons-annotations-5.0.4.Final.jar;C:\Users\schaefem\.m2\repository\org\springframework\data\spring-data-jpa\2.1.3.RELEASE\spring-data-jpa-2.1.3.RELEASE.jar;C:\Users\schaefem\.m2\repository\org\springframework\data\spring-data-commons\2.1.3.RELEASE\spring-data-commons-2.1.3.RELEASE.jar;C:\Users\schaefem\.m2\repository\org\springframework\spring-orm\5.1.3.RELEASE\spring-orm-5.1.3.RELEASE.jar;C:\Users\schaefem\.m2\repository\org\springframework\spring-tx\5.1.3.RELEASE\spring-tx-5.1.3.RELEASE.jar;C:\Users\schaefem\.m2\repository\org\springframework\spring-aspects\5.1.3.RELEASE\spring-aspects-5.1.3.RELEASE.jar;C:\Users\schaefem\.m2\repository\org\springframework\boot\spring-boot-starter-security\2.1.1.RELEASE\spring-boot-starter-security-2.1.1.RELEASE.jar;C:\Users\schaefem\.m2\repository\org\springframework\spring-aop\5.1.3.RELEASE\spring-aop-5.1.3.RELEASE.jar;C:\Users\schaefem\.m2\repository\org\springframework\security\spring-security-config\5.1.2.RELEASE\spring-security-config-5.1.2.RELEASE.jar;C:\Users\schaefem\.m2\repository\org\springframework\security\spring-security-web\5.1.2.RELEASE\spring-security-web-5.1.2.RELEASE.jar;C:\Users\schaefem\.m2\repository\com\graphql-java-kickstart\graphql-spring-boot-starter\5.3.1\graphql-spring-boot-starter-5.3.1.jar;C:\Users\schaefem\.m2\repository\com\graphql-java-kickstart\graphql-spring-boot-autoconfigure\5.3.1\graphql-spring-boot-autoconfigure-5.3.1.jar;C:\Users\schaefem\.m2\repository\org\springframework\boot\spring-boot-starter-websocket\2.1.1.RELEASE\spring-boot-starter-websocket-2.1.1.RELEASE.jar;C:\Users\schaefem\.m2\repository\org\springframework\spring-messaging\5.1.3.RELEASE\spring-messaging-5.1.3.RELEASE.jar;C:\Users\schaefem\.m2\repository\org\springframework\spring-websocket\5.1.3.RELEASE\spring-websocket-5.1.3.RELEASE.jar;C:\Users\schaefem\.m2\repository\com\graphql-java-kickstart\graphql-java-servlet\7.1.1\graphql-java-servlet-7.1.1.jar;C:\Users\schaefem\.m2\repository\javax\servlet\javax.servlet-api\4.0.1\javax.servlet-api-4.0.1.jar;C:\Users\schaefem\.m2\repository\javax\websocket\javax.websocket-api\1.1\javax.websocket-api-1.1.jar;C:\Users\schaefem\.m2\repository\commons-io\commons-io\2.6\commons-io-2.6.jar;C:\Users\schaefem\.m2\repository\com\graphql-java-kickstart\graphiql-spring-boot-starter\5.3.1\graphiql-spring-boot-starter-5.3.1.jar;C:\Users\schaefem\.m2\repository\com\graphql-java-kickstart\graphiql-spring-boot-autoconfigure\5.3.1\graphiql-spring-boot-autoconfigure-5.3.1.jar;C:\Users\schaefem\.m2\repository\org\apache\commons\commons-text\1.1\commons-text-1.1.jar;C:\Users\schaefem\.m2\repository\com\graphql-java-kickstart\voyager-spring-boot-starter\5.3.1\voyager-spring-boot-starter-5.3.1.jar;C:\Users\schaefem\.m2\repository\com\graphql-java-kickstart\voyager-spring-boot-autoconfigure\5.3.1\voyager-spring-boot-autoconfigure-5.3.1.jar;C:\Users\schaefem\.m2\repository\com\graphql-java-kickstart\graphql-spring-boot-starter-test\5.3.1\graphql-spring-boot-starter-test-5.3.1.jar;C:\Users\schaefem\.m2\repository\com\graphql-java-kickstart\graphql-spring-boot-test-autoconfigure\5.3.1\graphql-spring-boot-test-autoconfigure-5.3.1.jar;C:\Users\schaefem\.m2\repository\com\graphql-java-kickstart\graphql-spring-boot-test\5.3.1\graphql-spring-boot-test-5.3.1.jar;C:\Users\schaefem\.m2\repository\com\graphql-java-kickstart\graphql-java-tools\5.4.1\graphql-java-tools-5.4.1.jar;C:\Users\schaefem\.m2\repository\org\jetbrains\kotlin\kotlin-stdlib\1.3.10\kotlin-stdlib-1.3.10.jar;C:\Users\schaefem\.m2\repository\org\jetbrains\kotlin\kotlin-stdlib-common\1.3.10\kotlin-stdlib-common-1.3.10.jar;C:\Users\schaefem\.m2\repository\org\jetbrains\annotations\13.0\annotations-13.0.jar;C:\Users\schaefem\.m2\repository\org\jetbrains\kotlin\kotlin-reflect\1.3.10\kotlin-reflect-1.3.10.jar;C:\Users\schaefem\.m2\repository\org\jetbrains\kotlinx\kotlinx-coroutines-jdk8\1.0.1\kotlinx-coroutines-jdk8-1.0.1.jar;C:\Users\schaefem\.m2\repository\org\jetbrains\kotlinx\kotlinx-coroutines-core\1.0.1\kotlinx-coroutines-core-1.0.1.jar;C:\Users\schaefem\.m2\repository\org\jetbrains\kotlinx\kotlinx-coroutines-core-common\1.0.1\kotlinx-coroutines-core-common-1.0.1.jar;C:\Users\schaefem\.m2\repository\org\jetbrains\kotlinx\kotlinx-coroutines-reactive\1.0.1\kotlinx-coroutines-reactive-1.0.1.jar;C:\Users\schaefem\.m2\repository\com\graphql-java\graphql-java\11.0\graphql-java-11.0.jar;C:\Users\schaefem\.m2\repository\org\antlr\antlr4-runtime\4.7.1\antlr4-runtime-4.7.1.jar;C:\Users\schaefem\.m2\repository\com\graphql-java\java-dataloader\2.1.1\java-dataloader-2.1.1.jar;C:\Users\schaefem\.m2\repository\com\fasterxml\jackson\core\jackson-core\2.9.7\jackson-core-2.9.7.jar;C:\Users\schaefem\.m2\repository\com\fasterxml\jackson\module\jackson-module-kotlin\2.9.7\jackson-module-kotlin-2.9.7.jar;C:\Users\schaefem\.m2\repository\com\fasterxml\jackson\datatype\jackson-datatype-jdk8\2.9.7\jackson-datatype-jdk8-2.9.7.jar;C:\Users\schaefem\.m2\repository\com\esotericsoftware\reflectasm\1.11.7\reflectasm-1.11.7.jar;C:\Users\schaefem\.m2\repository\org\apache\commons\commons-lang3\3.8.1\commons-lang3-3.8.1.jar;C:\Users\schaefem\.m2\repository\com\google\guava\guava\26.0-jre\guava-26.0-jre.jar;C:\Users\schaefem\.m2\repository\com\google\code\findbugs\jsr305\3.0.2\jsr305-3.0.2.jar;C:\Users\schaefem\.m2\repository\org\checkerframework\checker-qual\2.5.2\checker-qual-2.5.2.jar;C:\Users\schaefem\.m2\repository\com\google\errorprone\error_prone_annotations\2.1.3\error_prone_annotations-2.1.3.jar;C:\Users\schaefem\.m2\repository\com\google\j2objc\j2objc-annotations\1.1\j2objc-annotations-1.1.jar;C:\Users\schaefem\.m2\repository\org\codehaus\mojo\animal-sniffer-annotations\1.14\animal-sniffer-annotations-1.14.jar;C:\Users\schaefem\.m2\repository\org\slf4j\slf4j-api\1.7.25\slf4j-api-1.7.25.jar;C:\Users\schaefem\.m2\repository\com\zhokhov\graphql\graphql-datetime-spring-boot-starter\1.2.0\graphql-datetime-spring-boot-starter-1.2.0.jar;C:\Users\schaefem\.m2\repository\com\zhokhov\graphql\graphql-datetime-autoconfigure\1.2.0\graphql-datetime-autoconfigure-1.2.0.jar;C:\Users\schaefem\.m2\repository\com\graphql-java\graphql-spring-boot-autoconfigure\5.0.1\graphql-spring-boot-autoconfigure-5.0.1.jar;C:\Users\schaefem\.m2\repository\org\springframework\boot\spring-boot-configuration-processor\2.1.1.RELEASE\spring-boot-configuration-processor-2.1.1.RELEASE.jar;C:\Users\schaefem\.m2\repository\com\graphql-java\graphql-spring-boot-starter\5.0.1\graphql-spring-boot-starter-5.0.1.jar;C:\Users\schaefem\.m2\repository\com\graphql-java\graphql-java-servlet\6.1.2\graphql-java-servlet-6.1.2.jar;C:\Users\schaefem\.m2\repository\com\graphql-java\graphql-java-tools\5.0.0\graphql-java-tools-5.0.0.jar;C:\Users\schaefem\.m2\repository\com\zhokhov\graphql\graphql-java-datetime\1.2.0\graphql-java-datetime-1.2.0.jar;C:\Users\schaefem\.m2\repository\io\reactivex\rxjava2\rxjava\2.2.4\rxjava-2.2.4.jar;C:\Users\schaefem\.m2\repository\org\reactivestreams\reactive-streams\1.0.2\reactive-streams-1.0.2.jar;C:\Users\schaefem\.m2\repository\org\springframework\security\oauth\spring-security-oauth2\2.2.4.RELEASE\spring-security-oauth2-2.2.4.RELEASE.jar;C:\Users\schaefem\.m2\repository\org\springframework\spring-beans\5.1.3.RELEASE\spring-beans-5.1.3.RELEASE.jar;C:\Users\schaefem\.m2\repository\org\springframework\spring-context\5.1.3.RELEASE\spring-context-5.1.3.RELEASE.jar;C:\Users\schaefem\.m2\repository\org\springframework\security\spring-security-core\5.1.2.RELEASE\spring-security-core-5.1.2.RELEASE.jar;C:\Users\schaefem\.m2\repository\commons-codec\commons-codec\1.11\commons-codec-1.11.jar;C:\Users\schaefem\.m2\repository\org\codehaus\jackson\jackson-mapper-asl\1.9.13\jackson-mapper-asl-1.9.13.jar;C:\Users\schaefem\.m2\repository\org\codehaus\jackson\jackson-core-asl\1.9.13\jackson-core-asl-1.9.13.jar;C:\Users\schaefem\.m2\repository\org\springframework\security\oauth\boot\spring-security-oauth2-autoconfigure\2.1.3.RELEASE\spring-security-oauth2-autoconfigure-2.1.3.RELEASE.jar;C:\Users\schaefem\.m2\repository\com\fasterxml\jackson\core\jackson-annotations\2.9.0\jackson-annotations-2.9.0.jar;C:\Users\schaefem\.m2\repository\com\fasterxml\jackson\core\jackson-databind\2.9.7\jackson-databind-2.9.7.jar;C:\Users\schaefem\.m2\repository\com\sun\xml\bind\jaxb-core\2.3.0.1\jaxb-core-2.3.0.1.jar;C:\Users\schaefem\.m2\repository\com\sun\xml\bind\jaxb-impl\2.3.0.1\jaxb-impl-2.3.0.1.jar;C:\Users\schaefem\.m2\repository\org\springframework\security\spring-security-jwt\1.0.10.RELEASE\spring-security-jwt-1.0.10.RELEASE.jar;C:\Users\schaefem\.m2\repository\org\bouncycastle\bcpkix-jdk15on\1.60\bcpkix-jdk15on-1.60.jar;C:\Users\schaefem\.m2\repository\org\bouncycastle\bcprov-jdk15on\1.60\bcprov-jdk15on-1.60.jar;"/>
    <property name="sun.cpu.endian" value="little"/>
    <property name="user.home" value="C:\Users\schaefem"/>
    <property name="user.language" value="de"/>
    <property name="java.specification.vendor" value="Oracle Corporation"/>
    <property name="java.version.date" value="2019-03-19"/>
    <property name="java.home" value="C:\Program Files\OpenJDK\jdk-12"/>
    <property name="file.separator" value="\"/>
    <property name="basedir" value="C:\environment\source\check\spring-boot-graphql-meetup"/>
    <property name="java.vm.compressedOopsMode" value="Zero based"/>
    <property name="line.separator" value="&#10;"/>
    <property name="java.vm.specification.vendor" value="Oracle Corporation"/>
    <property name="java.specification.name" value="Java Platform API Specification"/>
    <property name="java.awt.graphicsenv" value="sun.awt.Win32GraphicsEnvironment"/>
    <property name="surefire.real.class.path" value="C:\Users\schaefem\AppData\Local\Temp\surefire7744517556040822806\surefirebooter17916284666164741867.jar"/>
    <property name="user.script" value=""/>
    <property name="sun.management.compiler" value="HotSpot 64-Bit Tiered Compilers"/>
    <property name="java.runtime.version" value="12+33"/>
    <property name="user.name" value="schaefem"/>
    <property name="path.separator" value=";"/>
    <property name="os.version" value="10.0"/>
    <property name="java.runtime.name" value="OpenJDK Runtime Environment"/>
    <property name="file.encoding" value="Cp1252"/>
    <property name="java.vm.name" value="OpenJDK 64-Bit Server VM"/>
    <property name="localRepository" value="C:\Users\schaefem\.m2\repository"/>
    <property name="java.vendor.url.bug" value="https://bugreport.java.com/bugreport/"/>
    <property name="java.io.tmpdir" value="C:\Users\schaefem\AppData\Local\Temp\"/>
    <property name="java.version" value="12"/>
    <property name="user.dir" value="C:\environment\source\check\spring-boot-graphql-meetup"/>
    <property name="os.arch" value="amd64"/>
    <property name="java.vm.specification.name" value="Java Virtual Machine Specification"/>
    <property name="sun.os.patch.level" value=""/>
    <property name="java.library.path" value="C:\Program Files\OpenJDK\jdk-12\bin;C:\WINDOWS\Sun\Java\bin;C:\WINDOWS\system32;C:\WINDOWS;C:\Users\schaefem\bin;C:\environment\build\git\mingw64\bin;C:\environment\build\git\usr\local\bin;C:\environment\build\git\usr\bin;C:\environment\build\git\usr\bin;C:\environment\build\git\mingw64\bin;C:\environment\build\git\usr\bin;C:\Users\schaefem\bin;C:\Program Files\OpenJDK\jdk-12\bin;C:\WINDOWS\system32;C:\WINDOWS;C:\WINDOWS\System32\Wbem;C:\WINDOWS\System32\WindowsPowerShell\v1.0;C:\Windows\SysWOW64\Empirum;C:\environment\build\maven\apache-maven-3.3.9\bin;C:\environment\ide\curl;C:\environment\build\git\cmd;C:\Program Files\TortoiseSVN\bin;C:\Program Files\Microsoft SQL Server\110\Tools\Binn;C:\Program Files\MySQL\MySQL Utilities 1.6;C:\Program Files (x86)\Skype\Phone;C:\Program Files\Intel\WiFi\bin;C:\Program Files\Common Files\Intel\WirelessCommon;C:\Program Files\Amazon\AWSCLI;C:\Program Files\IBM\Bluemix\bin;C:\Program Files\Cloud Foundry;C:\environment\ide\pcf-cli\CloudFoundry;C:\environment\ide\vscodestudio\Microsoft VS Code\bin;C:\environment\server\node;C:\Program Files\Intel\WiFi\bin;C:\Program Files\Common Files\Intel\WirelessCommon;C:\environment\ide\docker-cli\Docker Toolbox;C:\Users\schaefem\AppData\Local\Microsoft\WindowsApps;C:\environment\build\gradle\gradle-4.3.1\bin;C:\Program Files\Java\jdk1.8.0_202\bin;C:\environment\ide\vscodestudio\Microsoft VS Code\bin;C:\Users\schaefem\AppData\Roaming\npm;C:\Users\schaefem\AppData\Local\Pandoc;C:\Users\schaefem\AppData\Local\Programs\MiKTeX 2.9\miktex\bin\x64;C:\environment\build\apache-ant-1.10.6-bin\apache-ant-1.10.6\bin;C:\environment\build\git\usr\bin\vendor_perl;C:\environment\build\git\usr\bin\core_perl;."/>
    <property name="java.vm.info" value="mixed mode, sharing"/>
    <property name="java.vendor" value="Oracle Corporation"/>
    <property name="java.vm.version" value="12+33"/>
    <property name="sun.io.unicode.encoding" value="UnicodeLittle"/>
    <property name="java.class.version" value="56.0"/>
  </properties>
  <testcase name="routeQueryUpdateRoute" classname="com.thinkenterprise.test.GraphQLRouteMutationTest" time="3.717"/>
  <testcase name="routeQueryCreateRoute" classname="com.thinkenterprise.test.GraphQLRouteMutationTest" time="2.779"/>
  <testcase name="routeQueryDeleteRoute" classname="com.thinkenterprise.test.GraphQLRouteMutationTest" time="2.812"/>
</testsuite>